2025-06-23 02:07:40.126 [http-nio-8080-exec-4] INFO  c.codingtracker.controller.api.auth.AuthController - 用户登录尝试: 用户名=admin
2025-06-23 02:07:40.309 [http-nio-8080-exec-4] INFO  c.codingtracker.controller.api.auth.AuthController - 用户登录成功: 用户名=admin
2025-06-23 02:07:40.463 [http-nio-8080-exec-6] INFO  c.codingtracker.controller.api.auth.AuthController - 请求获取用户个人信息: 用户名=admin
2025-06-23 02:07:40.482 [http-nio-8080-exec-6] INFO  c.codingtracker.controller.api.auth.AuthController - 成功返回用户个人信息: 用户名=admin
2025-06-23 02:07:40.734 [http-nio-8080-exec-7] INFO  c.c.controller.api.training.UserTryController - 开始查询尝试记录统计，时间范围：2020-12-31T00:00 至 2025-06-22T23:59:59
2025-06-23 02:07:40.737 [http-nio-8080-exec-8] INFO  c.c.controller.api.training.UserTryController - 开始查询AC记录统计，时间范围：2020-12-31T00:00 至 2025-06-22T23:59:59
2025-06-23 02:07:40.735 [http-nio-8080-exec-5] INFO  c.c.controller.api.training.UserTryController - 开始查询AC记录统计，时间范围：2020-12-31T00:00 至 2025-06-22T23:59:59
2025-06-23 02:07:40.735 [http-nio-8080-exec-9] INFO  c.c.controller.api.training.UserTryController - 开始查询尝试记录统计，时间范围：2020-12-31T00:00 至 2025-06-22T23:59:59
2025-06-23 02:07:40.795 [http-nio-8080-exec-1] INFO  c.c.controller.api.auth.UserTagController - 请求获取所有用户标签
2025-06-23 02:07:40.795 [http-nio-8080-exec-3] INFO  c.c.controller.api.admin.AdminUserController - 请求获取OJ平台列表
2025-06-23 02:07:40.796 [http-nio-8080-exec-3] INFO  c.c.controller.api.admin.AdminUserController - 成功返回OJ平台列表，共18个平台
2025-06-23 02:07:40.821 [http-nio-8080-exec-1] INFO  c.c.controller.api.auth.UserTagController - 成功返回用户标签列表，共4个标签
2025-06-23 02:07:40.866 [http-nio-8080-exec-10] INFO  c.c.controller.api.user.UserListController - 请求获取所有用户列表
2025-06-23 02:07:40.913 [http-nio-8080-exec-2] INFO  c.c.controller.api.training.UserTryController - 查询最近一次数据更新时间
2025-06-23 02:07:40.915 [http-nio-8080-exec-10] INFO  c.c.controller.api.user.UserListController - 成功返回用户列表，共4个用户
2025-06-23 02:07:40.916 [http-nio-8080-exec-2] INFO  c.c.controller.api.training.UserTryController - 成功查询最近一次更新时间：-999999999-01-01T00:00
2025-06-23 02:07:40.985 [http-nio-8080-exec-8] INFO  c.c.controller.api.training.UserTryController - 成功查询AC记录统计，返回 2 条记录
2025-06-23 02:07:40.988 [http-nio-8080-exec-7] INFO  c.c.controller.api.training.UserTryController - 成功查询尝试记录统计，返回 2 条记录
2025-06-23 02:07:40.989 [http-nio-8080-exec-9] INFO  c.c.controller.api.training.UserTryController - 成功查询尝试记录统计，返回 2 条记录
2025-06-23 02:07:40.997 [http-nio-8080-exec-5] INFO  c.c.controller.api.training.UserTryController - 成功查询AC记录统计，返回 2 条记录
2025-06-23 02:07:41.029 [http-nio-8080-exec-6] INFO  c.c.controller.api.training.UserTryController - 开始查询AC记录统计，时间范围：2020-12-31T00:00 至 2025-06-22T23:59:59
2025-06-23 02:07:41.032 [http-nio-8080-exec-4] INFO  c.c.controller.api.training.UserTryController - 开始查询尝试记录统计，时间范围：2020-12-31T00:00 至 2025-06-22T23:59:59
2025-06-23 02:07:41.120 [http-nio-8080-exec-6] INFO  c.c.controller.api.training.UserTryController - 成功查询AC记录统计，返回 2 条记录
2025-06-23 02:07:41.139 [http-nio-8080-exec-4] INFO  c.c.controller.api.training.UserTryController - 成功查询尝试记录统计，返回 2 条记录
2025-06-23 02:07:41.864 [http-nio-8080-exec-3] INFO  c.c.controller.api.training.UserTryController - 用户 admin 请求手动重建系统数据
2025-06-23 02:07:43.141 [http-nio-8080-exec-3] INFO  c.c.controller.api.training.UserTryController - 管理员 admin 成功触发手动重建任务（异步）
2025-06-23 02:07:43.205 [http-nio-8080-exec-10] INFO  c.c.controller.api.training.UserTryController - 开始查询尝试记录统计，时间范围：2020-12-31T00:00 至 2025-06-22T23:59:59
2025-06-23 02:07:43.225 [http-nio-8080-exec-1] INFO  c.c.controller.api.training.UserTryController - 开始查询AC记录统计，时间范围：2020-12-31T00:00 至 2025-06-22T23:59:59
2025-06-23 02:07:43.232 [http-nio-8080-exec-2] INFO  c.c.controller.api.training.UserTryController - 查询最近一次数据更新时间
2025-06-23 02:07:43.232 [http-nio-8080-exec-2] INFO  c.c.controller.api.training.UserTryController - 成功查询最近一次更新时间：-999999999-01-01T00:00
2025-06-23 02:07:43.255 [http-nio-8080-exec-10] INFO  c.c.controller.api.training.UserTryController - 成功查询尝试记录统计，返回 2 条记录
2025-06-23 02:07:43.292 [http-nio-8080-exec-1] INFO  c.c.controller.api.training.UserTryController - 成功查询AC记录统计，返回 2 条记录
2025-06-23 02:07:50.944 [http-nio-8080-exec-1] INFO  c.c.controller.api.admin.AdminUserController - 管理员请求获取所有用户列表
2025-06-23 02:07:50.958 [http-nio-8080-exec-7] INFO  c.c.controller.api.auth.UserTagController - 请求获取所有用户标签
2025-06-23 02:07:50.961 [http-nio-8080-exec-8] INFO  c.c.controller.api.admin.AdminUserController - 请求获取OJ平台列表
2025-06-23 02:07:50.963 [http-nio-8080-exec-8] INFO  c.c.controller.api.admin.AdminUserController - 成功返回OJ平台列表，共18个平台
2025-06-23 02:07:50.968 [http-nio-8080-exec-7] INFO  c.c.controller.api.auth.UserTagController - 成功返回用户标签列表，共4个标签
2025-06-23 02:07:50.993 [http-nio-8080-exec-1] INFO  c.c.controller.api.admin.AdminUserController - 成功返回用户列表，共5个用户
2025-06-23 02:07:57.995 [http-nio-8080-exec-2] INFO  c.c.controller.api.admin.AdminUserController - 管理员请求获取所有用户列表
2025-06-23 02:07:58.008 [http-nio-8080-exec-8] INFO  c.c.controller.api.auth.UserTagController - 请求获取所有用户标签
2025-06-23 02:07:58.007 [http-nio-8080-exec-10] INFO  c.c.controller.api.admin.AdminUserController - 请求获取OJ平台列表
2025-06-23 02:07:58.010 [http-nio-8080-exec-10] INFO  c.c.controller.api.admin.AdminUserController - 成功返回OJ平台列表，共18个平台
2025-06-23 02:07:58.018 [http-nio-8080-exec-8] INFO  c.c.controller.api.auth.UserTagController - 成功返回用户标签列表，共4个标签
2025-06-23 02:07:58.031 [http-nio-8080-exec-2] INFO  c.c.controller.api.admin.AdminUserController - 成功返回用户列表，共5个用户
2025-06-23 02:08:00.190 [http-nio-8080-exec-7] INFO  c.c.controller.api.admin.AdminUserController - 请求获取OJ平台列表
2025-06-23 02:08:00.190 [http-nio-8080-exec-7] INFO  c.c.controller.api.admin.AdminUserController - 成功返回OJ平台列表，共18个平台
2025-06-23 02:08:00.201 [http-nio-8080-exec-1] INFO  c.c.controller.api.auth.UserTagController - 请求获取所有用户标签
2025-06-23 02:08:00.207 [http-nio-8080-exec-1] INFO  c.c.controller.api.auth.UserTagController - 成功返回用户标签列表，共4个标签
2025-06-23 02:08:00.237 [http-nio-8080-exec-8] INFO  c.c.controller.api.training.UserTryController - 开始查询尝试记录统计，时间范围：2020-12-31T00:00 至 2025-06-22T23:59:59
2025-06-23 02:08:00.268 [http-nio-8080-exec-7] INFO  c.c.controller.api.training.UserTryController - 开始查询AC记录统计，时间范围：2020-12-31T00:00 至 2025-06-22T23:59:59
2025-06-23 02:08:00.273 [http-nio-8080-exec-3] INFO  c.c.controller.api.training.UserTryController - 开始查询尝试记录统计，时间范围：2020-12-31T00:00 至 2025-06-22T23:59:59
2025-06-23 02:08:00.270 [http-nio-8080-exec-2] INFO  c.c.controller.api.training.UserTryController - 开始查询AC记录统计，时间范围：2020-12-31T00:00 至 2025-06-22T23:59:59
2025-06-23 02:08:00.293 [http-nio-8080-exec-6] INFO  c.c.controller.api.user.UserListController - 请求获取所有用户列表
2025-06-23 02:08:00.295 [http-nio-8080-exec-9] INFO  c.c.controller.api.training.UserTryController - 查询最近一次数据更新时间
2025-06-23 02:08:00.295 [http-nio-8080-exec-9] INFO  c.c.controller.api.training.UserTryController - 成功查询最近一次更新时间：-999999999-01-01T00:00
2025-06-23 02:08:00.326 [http-nio-8080-exec-8] INFO  c.c.controller.api.training.UserTryController - 成功查询尝试记录统计，返回 2 条记录
2025-06-23 02:08:00.343 [http-nio-8080-exec-6] INFO  c.c.controller.api.user.UserListController - 成功返回用户列表，共4个用户
2025-06-23 02:08:00.384 [http-nio-8080-exec-7] INFO  c.c.controller.api.training.UserTryController - 成功查询AC记录统计，返回 2 条记录
2025-06-23 02:08:00.397 [http-nio-8080-exec-2] INFO  c.c.controller.api.training.UserTryController - 成功查询AC记录统计，返回 2 条记录
2025-06-23 02:08:00.404 [http-nio-8080-exec-3] INFO  c.c.controller.api.training.UserTryController - 成功查询尝试记录统计，返回 2 条记录
2025-06-23 02:08:00.465 [http-nio-8080-exec-5] INFO  c.c.controller.api.training.UserTryController - 开始查询AC记录统计，时间范围：2020-12-31T00:00 至 2025-06-22T23:59:59
2025-06-23 02:08:00.464 [http-nio-8080-exec-1] INFO  c.c.controller.api.training.UserTryController - 开始查询尝试记录统计，时间范围：2020-12-31T00:00 至 2025-06-22T23:59:59
2025-06-23 02:08:00.504 [http-nio-8080-exec-5] INFO  c.c.controller.api.training.UserTryController - 成功查询AC记录统计，返回 2 条记录
2025-06-23 02:08:00.523 [http-nio-8080-exec-1] INFO  c.c.controller.api.training.UserTryController - 成功查询尝试记录统计，返回 2 条记录
2025-06-23 02:08:46.780 [http-nio-8080-exec-6] INFO  c.c.controller.api.admin.AdminUserController - 管理员请求获取所有用户列表
2025-06-23 02:08:46.792 [http-nio-8080-exec-3] INFO  c.c.controller.api.admin.AdminUserController - 请求获取OJ平台列表
2025-06-23 02:08:46.794 [http-nio-8080-exec-2] INFO  c.c.controller.api.auth.UserTagController - 请求获取所有用户标签
2025-06-23 02:08:46.796 [http-nio-8080-exec-3] INFO  c.c.controller.api.admin.AdminUserController - 成功返回OJ平台列表，共18个平台
2025-06-23 02:08:46.805 [http-nio-8080-exec-2] INFO  c.c.controller.api.auth.UserTagController - 成功返回用户标签列表，共4个标签
2025-06-23 02:08:46.818 [http-nio-8080-exec-6] INFO  c.c.controller.api.admin.AdminUserController - 成功返回用户列表，共5个用户
2025-06-23 02:08:48.277 [http-nio-8080-exec-1] INFO  c.codingtracker.controller.api.auth.AuthController - 请求获取用户个人信息: 用户名=admin
2025-06-23 02:08:48.283 [http-nio-8080-exec-1] INFO  c.codingtracker.controller.api.auth.AuthController - 成功返回用户个人信息: 用户名=admin
2025-06-23 02:08:49.962 [http-nio-8080-exec-4] INFO  c.c.controller.api.admin.AdminUserController - 请求获取OJ平台列表
2025-06-23 02:08:49.963 [http-nio-8080-exec-4] INFO  c.c.controller.api.admin.AdminUserController - 成功返回OJ平台列表，共18个平台
2025-06-23 02:08:49.971 [http-nio-8080-exec-10] INFO  c.c.controller.api.auth.UserTagController - 请求获取所有用户标签
2025-06-23 02:08:49.975 [http-nio-8080-exec-10] INFO  c.c.controller.api.auth.UserTagController - 成功返回用户标签列表，共4个标签
2025-06-23 02:08:50.000 [http-nio-8080-exec-5] INFO  c.c.controller.api.training.UserTryController - 开始查询AC记录统计，时间范围：2020-12-31T00:00 至 2025-06-22T23:59:59
2025-06-23 02:08:50.041 [http-nio-8080-exec-5] INFO  c.c.controller.api.training.UserTryController - 成功查询AC记录统计，返回 2 条记录
2025-06-23 02:08:50.044 [http-nio-8080-exec-6] INFO  c.c.controller.api.training.UserTryController - 开始查询尝试记录统计，时间范围：2020-12-31T00:00 至 2025-06-22T23:59:59
2025-06-23 02:08:50.064 [http-nio-8080-exec-8] INFO  c.c.controller.api.training.UserTryController - 开始查询尝试记录统计，时间范围：2020-12-31T00:00 至 2025-06-22T23:59:59
2025-06-23 02:08:50.076 [http-nio-8080-exec-7] INFO  c.c.controller.api.user.UserListController - 请求获取所有用户列表
2025-06-23 02:08:50.081 [http-nio-8080-exec-9] INFO  c.c.controller.api.training.UserTryController - 开始查询AC记录统计，时间范围：2020-12-31T00:00 至 2025-06-22T23:59:59
2025-06-23 02:08:50.103 [http-nio-8080-exec-3] INFO  c.c.controller.api.training.UserTryController - 查询最近一次数据更新时间
2025-06-23 02:08:50.103 [http-nio-8080-exec-3] INFO  c.c.controller.api.training.UserTryController - 成功查询最近一次更新时间：-999999999-01-01T00:00
2025-06-23 02:08:50.132 [http-nio-8080-exec-6] INFO  c.c.controller.api.training.UserTryController - 成功查询尝试记录统计，返回 2 条记录
2025-06-23 02:08:50.135 [http-nio-8080-exec-7] INFO  c.c.controller.api.user.UserListController - 成功返回用户列表，共4个用户
2025-06-23 02:08:50.156 [http-nio-8080-exec-8] INFO  c.c.controller.api.training.UserTryController - 成功查询尝试记录统计，返回 2 条记录
2025-06-23 02:08:50.172 [http-nio-8080-exec-9] INFO  c.c.controller.api.training.UserTryController - 成功查询AC记录统计，返回 2 条记录
2025-06-23 02:08:50.203 [http-nio-8080-exec-4] INFO  c.c.controller.api.training.UserTryController - 开始查询AC记录统计，时间范围：2020-12-31T00:00 至 2025-06-22T23:59:59
2025-06-23 02:08:50.222 [http-nio-8080-exec-2] INFO  c.c.controller.api.training.UserTryController - 开始查询尝试记录统计，时间范围：2020-12-31T00:00 至 2025-06-22T23:59:59
2025-06-23 02:08:50.246 [http-nio-8080-exec-4] INFO  c.c.controller.api.training.UserTryController - 成功查询AC记录统计，返回 2 条记录
2025-06-23 02:08:50.269 [http-nio-8080-exec-2] INFO  c.c.controller.api.training.UserTryController - 成功查询尝试记录统计，返回 2 条记录
2025-06-23 02:08:50.821 [http-nio-8080-exec-1] INFO  c.c.controller.api.training.UserTryController - 用户 admin 请求手动重建系统数据
2025-06-23 02:08:50.826 [http-nio-8080-exec-1] WARN  c.c.controller.api.training.UserTryController - 当前已有更新进行中，用户 admin 的重建请求被拒绝
2025-06-23 02:15:31.744 [http-nio-8080-exec-4] INFO  c.codingtracker.controller.api.auth.AuthController - 用户登录尝试: 用户名=admin
2025-06-23 02:15:31.878 [http-nio-8080-exec-4] INFO  c.codingtracker.controller.api.auth.AuthController - 用户登录成功: 用户名=admin
2025-06-23 02:15:31.994 [http-nio-8080-exec-5] INFO  c.codingtracker.controller.api.auth.AuthController - 请求获取用户个人信息: 用户名=admin
2025-06-23 02:15:32.013 [http-nio-8080-exec-5] INFO  c.codingtracker.controller.api.auth.AuthController - 成功返回用户个人信息: 用户名=admin
2025-06-23 02:15:32.309 [http-nio-8080-exec-2] INFO  c.c.controller.api.training.UserTryController - 开始查询尝试记录统计，时间范围：2020-12-31T00:00 至 2025-06-22T23:59:59
2025-06-23 02:15:32.313 [http-nio-8080-exec-10] INFO  c.c.controller.api.training.UserTryController - 开始查询AC记录统计，时间范围：2020-12-31T00:00 至 2025-06-22T23:59:59
2025-06-23 02:15:32.312 [http-nio-8080-exec-7] INFO  c.c.controller.api.user.UserListController - 请求获取所有用户列表
2025-06-23 02:15:32.316 [http-nio-8080-exec-5] INFO  c.c.controller.api.training.UserTryController - 开始查询AC记录统计，时间范围：2020-12-31T00:00 至 2025-06-22T23:59:59
2025-06-23 02:15:32.373 [http-nio-8080-exec-7] INFO  c.c.controller.api.user.UserListController - 成功返回用户列表，共4个用户
2025-06-23 02:15:32.470 [http-nio-8080-exec-3] INFO  c.c.controller.api.admin.AdminUserController - 请求获取OJ平台列表
2025-06-23 02:15:32.469 [http-nio-8080-exec-9] INFO  c.c.controller.api.auth.UserTagController - 请求获取所有用户标签
2025-06-23 02:15:32.474 [http-nio-8080-exec-3] INFO  c.c.controller.api.admin.AdminUserController - 成功返回OJ平台列表，共18个平台
2025-06-23 02:15:32.497 [http-nio-8080-exec-9] INFO  c.c.controller.api.auth.UserTagController - 成功返回用户标签列表，共4个标签
2025-06-23 02:15:32.543 [http-nio-8080-exec-10] INFO  c.c.controller.api.training.UserTryController - 成功查询AC记录统计，返回 2 条记录
2025-06-23 02:15:32.550 [http-nio-8080-exec-5] INFO  c.c.controller.api.training.UserTryController - 成功查询AC记录统计，返回 2 条记录
2025-06-23 02:15:32.579 [http-nio-8080-exec-1] INFO  c.c.controller.api.training.UserTryController - 开始查询尝试记录统计，时间范围：2020-12-31T00:00 至 2025-06-22T23:59:59
2025-06-23 02:15:32.581 [http-nio-8080-exec-2] INFO  c.c.controller.api.training.UserTryController - 成功查询尝试记录统计，返回 2 条记录
2025-06-23 02:15:32.606 [http-nio-8080-exec-4] INFO  c.c.controller.api.training.UserTryController - 查询最近一次数据更新时间
2025-06-23 02:15:32.612 [http-nio-8080-exec-4] INFO  c.c.controller.api.training.UserTryController - 成功查询最近一次更新时间：-999999999-01-01T00:00
2025-06-23 02:15:32.649 [http-nio-8080-exec-1] INFO  c.c.controller.api.training.UserTryController - 成功查询尝试记录统计，返回 2 条记录
2025-06-23 02:15:32.718 [http-nio-8080-exec-8] INFO  c.c.controller.api.training.UserTryController - 开始查询AC记录统计，时间范围：2020-12-31T00:00 至 2025-06-22T23:59:59
2025-06-23 02:15:32.731 [http-nio-8080-exec-6] INFO  c.c.controller.api.training.UserTryController - 开始查询尝试记录统计，时间范围：2020-12-31T00:00 至 2025-06-22T23:59:59
2025-06-23 02:15:32.770 [http-nio-8080-exec-8] INFO  c.c.controller.api.training.UserTryController - 成功查询AC记录统计，返回 2 条记录
2025-06-23 02:15:32.784 [http-nio-8080-exec-6] INFO  c.c.controller.api.training.UserTryController - 成功查询尝试记录统计，返回 2 条记录
2025-06-23 02:15:34.419 [http-nio-8080-exec-3] INFO  c.c.controller.api.auth.UserTagController - 请求获取所有用户标签
2025-06-23 02:15:34.424 [http-nio-8080-exec-3] INFO  c.c.controller.api.auth.UserTagController - 成功返回用户标签列表，共4个标签
2025-06-23 02:15:34.436 [http-nio-8080-exec-7] INFO  c.c.controller.api.admin.AdminUserController - 请求获取OJ平台列表
2025-06-23 02:15:34.439 [http-nio-8080-exec-7] INFO  c.c.controller.api.admin.AdminUserController - 成功返回OJ平台列表，共18个平台
2025-06-23 02:15:34.449 [http-nio-8080-exec-10] INFO  c.c.controller.api.admin.AdminUserController - 管理员请求获取所有用户列表
2025-06-23 02:15:34.481 [http-nio-8080-exec-10] INFO  c.c.controller.api.admin.AdminUserController - 成功返回用户列表，共5个用户
2025-06-23 02:15:36.016 [http-nio-8080-exec-5] INFO  c.c.controller.api.training.UserTryController - 开始查询AC记录统计，时间范围：2020-12-31T00:00 至 2025-06-22T23:59:59
2025-06-23 02:15:36.054 [http-nio-8080-exec-1] INFO  c.c.controller.api.admin.AdminUserController - 请求获取OJ平台列表
2025-06-23 02:15:36.058 [http-nio-8080-exec-1] INFO  c.c.controller.api.admin.AdminUserController - 成功返回OJ平台列表，共18个平台
2025-06-23 02:15:36.063 [http-nio-8080-exec-6] INFO  c.c.controller.api.auth.UserTagController - 请求获取所有用户标签
2025-06-23 02:15:36.073 [http-nio-8080-exec-4] INFO  c.c.controller.api.training.UserTryController - 开始查询尝试记录统计，时间范围：2020-12-31T00:00 至 2025-06-22T23:59:59
2025-06-23 02:15:36.070 [http-nio-8080-exec-8] INFO  c.c.controller.api.training.UserTryController - 开始查询AC记录统计，时间范围：2020-12-31T00:00 至 2025-06-22T23:59:59
2025-06-23 02:15:36.082 [http-nio-8080-exec-2] INFO  c.c.controller.api.training.UserTryController - 开始查询尝试记录统计，时间范围：2020-12-31T00:00 至 2025-06-22T23:59:59
2025-06-23 02:15:36.085 [http-nio-8080-exec-6] INFO  c.c.controller.api.auth.UserTagController - 成功返回用户标签列表，共4个标签
2025-06-23 02:15:36.122 [http-nio-8080-exec-5] INFO  c.c.controller.api.training.UserTryController - 成功查询AC记录统计，返回 2 条记录
2025-06-23 02:15:36.123 [http-nio-8080-exec-9] INFO  c.c.controller.api.user.UserListController - 请求获取所有用户列表
2025-06-23 02:15:36.169 [http-nio-8080-exec-5] INFO  c.c.controller.api.training.UserTryController - 查询最近一次数据更新时间
2025-06-23 02:15:36.173 [http-nio-8080-exec-5] INFO  c.c.controller.api.training.UserTryController - 成功查询最近一次更新时间：-999999999-01-01T00:00
2025-06-23 02:15:36.171 [http-nio-8080-exec-9] INFO  c.c.controller.api.user.UserListController - 成功返回用户列表，共4个用户
2025-06-23 02:15:36.184 [http-nio-8080-exec-2] INFO  c.c.controller.api.training.UserTryController - 成功查询尝试记录统计，返回 2 条记录
2025-06-23 02:15:36.223 [http-nio-8080-exec-4] INFO  c.c.controller.api.training.UserTryController - 成功查询尝试记录统计，返回 2 条记录
2025-06-23 02:15:36.225 [http-nio-8080-exec-8] INFO  c.c.controller.api.training.UserTryController - 成功查询AC记录统计，返回 2 条记录
2025-06-23 02:15:36.280 [http-nio-8080-exec-10] INFO  c.c.controller.api.training.UserTryController - 开始查询尝试记录统计，时间范围：2020-12-31T00:00 至 2025-06-22T23:59:59
2025-06-23 02:15:36.284 [http-nio-8080-exec-7] INFO  c.c.controller.api.training.UserTryController - 开始查询AC记录统计，时间范围：2020-12-31T00:00 至 2025-06-22T23:59:59
2025-06-23 02:15:36.324 [http-nio-8080-exec-7] INFO  c.c.controller.api.training.UserTryController - 成功查询AC记录统计，返回 2 条记录
2025-06-23 02:15:36.343 [http-nio-8080-exec-10] INFO  c.c.controller.api.training.UserTryController - 成功查询尝试记录统计，返回 2 条记录
2025-06-23 02:15:41.834 [http-nio-8080-exec-6] INFO  c.codingtracker.controller.api.auth.AuthController - 请求获取用户个人信息: 用户名=admin
2025-06-23 02:15:41.841 [http-nio-8080-exec-6] INFO  c.codingtracker.controller.api.auth.AuthController - 成功返回用户个人信息: 用户名=admin
2025-06-23 02:15:43.196 [http-nio-8080-exec-9] INFO  c.c.controller.api.admin.AdminUserController - 管理员请求获取所有用户列表
2025-06-23 02:15:43.202 [http-nio-8080-exec-8] INFO  c.c.controller.api.admin.AdminUserController - 请求获取OJ平台列表
2025-06-23 02:15:43.204 [http-nio-8080-exec-8] INFO  c.c.controller.api.admin.AdminUserController - 成功返回OJ平台列表，共18个平台
2025-06-23 02:15:43.203 [http-nio-8080-exec-4] INFO  c.c.controller.api.auth.UserTagController - 请求获取所有用户标签
2025-06-23 02:15:43.212 [http-nio-8080-exec-4] INFO  c.c.controller.api.auth.UserTagController - 成功返回用户标签列表，共4个标签
2025-06-23 02:15:43.231 [http-nio-8080-exec-9] INFO  c.c.controller.api.admin.AdminUserController - 成功返回用户列表，共5个用户
2025-06-23 02:15:53.672 [http-nio-8080-exec-7] INFO  c.c.controller.api.training.UserTryController - 开始查询AC记录统计，时间范围：2020-12-31T00:00 至 2025-06-22T23:59:59
2025-06-23 02:15:53.693 [http-nio-8080-exec-2] INFO  c.c.controller.api.training.UserTryController - 开始查询AC记录统计，时间范围：2020-12-31T00:00 至 2025-06-22T23:59:59
2025-06-23 02:15:53.715 [http-nio-8080-exec-6] INFO  c.c.controller.api.training.UserTryController - 开始查询尝试记录统计，时间范围：2020-12-31T00:00 至 2025-06-22T23:59:59
2025-06-23 02:15:53.715 [http-nio-8080-exec-8] INFO  c.c.controller.api.auth.UserTagController - 请求获取所有用户标签
2025-06-23 02:15:53.723 [http-nio-8080-exec-4] INFO  c.c.controller.api.admin.AdminUserController - 请求获取OJ平台列表
2025-06-23 02:15:53.734 [http-nio-8080-exec-4] INFO  c.c.controller.api.admin.AdminUserController - 成功返回OJ平台列表，共18个平台
2025-06-23 02:15:53.733 [http-nio-8080-exec-5] INFO  c.c.controller.api.training.UserTryController - 开始查询尝试记录统计，时间范围：2020-12-31T00:00 至 2025-06-22T23:59:59
2025-06-23 02:15:53.741 [http-nio-8080-exec-8] INFO  c.c.controller.api.auth.UserTagController - 成功返回用户标签列表，共4个标签
2025-06-23 02:15:53.750 [http-nio-8080-exec-7] INFO  c.c.controller.api.training.UserTryController - 成功查询AC记录统计，返回 2 条记录
2025-06-23 02:15:53.817 [http-nio-8080-exec-9] INFO  c.c.controller.api.user.UserListController - 请求获取所有用户列表
2025-06-23 02:15:53.820 [http-nio-8080-exec-5] INFO  c.c.controller.api.training.UserTryController - 成功查询尝试记录统计，返回 2 条记录
2025-06-23 02:15:53.836 [http-nio-8080-exec-3] INFO  c.c.controller.api.training.UserTryController - 查询最近一次数据更新时间
2025-06-23 02:15:53.845 [http-nio-8080-exec-3] INFO  c.c.controller.api.training.UserTryController - 成功查询最近一次更新时间：-999999999-01-01T00:00
2025-06-23 02:15:53.851 [http-nio-8080-exec-2] INFO  c.c.controller.api.training.UserTryController - 成功查询AC记录统计，返回 2 条记录
2025-06-23 02:15:53.863 [http-nio-8080-exec-6] INFO  c.c.controller.api.training.UserTryController - 成功查询尝试记录统计，返回 2 条记录
2025-06-23 02:15:53.872 [http-nio-8080-exec-9] INFO  c.c.controller.api.user.UserListController - 成功返回用户列表，共4个用户
2025-06-23 02:15:53.947 [http-nio-8080-exec-10] INFO  c.c.controller.api.training.UserTryController - 开始查询AC记录统计，时间范围：2020-12-31T00:00 至 2025-06-22T23:59:59
2025-06-23 02:15:53.948 [http-nio-8080-exec-4] INFO  c.c.controller.api.training.UserTryController - 开始查询尝试记录统计，时间范围：2020-12-31T00:00 至 2025-06-22T23:59:59
2025-06-23 02:15:53.992 [http-nio-8080-exec-10] INFO  c.c.controller.api.training.UserTryController - 成功查询AC记录统计，返回 2 条记录
2025-06-23 02:15:54.006 [http-nio-8080-exec-4] INFO  c.c.controller.api.training.UserTryController - 成功查询尝试记录统计，返回 2 条记录
2025-06-23 02:15:55.562 [http-nio-8080-exec-7] INFO  c.c.controller.api.training.UserTryController - 用户 admin 请求手动重建系统数据
2025-06-23 02:15:56.023 [http-nio-8080-exec-7] INFO  c.c.controller.api.training.UserTryController - 管理员 admin 成功触发手动重建任务（异步）
2025-06-23 02:15:56.087 [http-nio-8080-exec-5] INFO  c.c.controller.api.training.UserTryController - 开始查询尝试记录统计，时间范围：2020-12-31T00:00 至 2025-06-22T23:59:59
2025-06-23 02:15:56.088 [http-nio-8080-exec-3] INFO  c.c.controller.api.training.UserTryController - 查询最近一次数据更新时间
2025-06-23 02:15:56.090 [http-nio-8080-exec-3] INFO  c.c.controller.api.training.UserTryController - 成功查询最近一次更新时间：-999999999-01-01T00:00
2025-06-23 02:15:56.098 [http-nio-8080-exec-1] INFO  c.c.controller.api.training.UserTryController - 开始查询AC记录统计，时间范围：2020-12-31T00:00 至 2025-06-22T23:59:59
2025-06-23 02:15:56.137 [http-nio-8080-exec-5] INFO  c.c.controller.api.training.UserTryController - 成功查询尝试记录统计，返回 2 条记录
2025-06-23 02:15:56.147 [http-nio-8080-exec-1] INFO  c.c.controller.api.training.UserTryController - 成功查询AC记录统计，返回 2 条记录
2025-06-23 02:22:18.763 [http-nio-8080-exec-5] INFO  c.codingtracker.controller.api.auth.AuthController - 用户登录尝试: 用户名=admin
2025-06-23 02:22:18.938 [http-nio-8080-exec-5] INFO  c.codingtracker.controller.api.auth.AuthController - 用户登录成功: 用户名=admin
2025-06-23 02:22:19.076 [http-nio-8080-exec-7] INFO  c.codingtracker.controller.api.auth.AuthController - 请求获取用户个人信息: 用户名=admin
2025-06-23 02:22:19.099 [http-nio-8080-exec-7] INFO  c.codingtracker.controller.api.auth.AuthController - 成功返回用户个人信息: 用户名=admin
2025-06-23 02:22:19.301 [http-nio-8080-exec-6] INFO  c.c.controller.api.training.UserTryController - 开始查询尝试记录统计，时间范围：2020-12-31T00:00 至 2025-06-22T23:59:59
2025-06-23 02:22:19.320 [http-nio-8080-exec-7] INFO  c.c.controller.api.training.UserTryController - 开始查询AC记录统计，时间范围：2020-12-31T00:00 至 2025-06-22T23:59:59
2025-06-23 02:22:19.347 [http-nio-8080-exec-5] INFO  c.c.controller.api.user.UserListController - 请求获取所有用户列表
2025-06-23 02:22:19.351 [http-nio-8080-exec-8] INFO  c.c.controller.api.training.UserTryController - 开始查询AC记录统计，时间范围：2020-12-31T00:00 至 2025-06-22T23:59:59
2025-06-23 02:22:19.361 [http-nio-8080-exec-4] INFO  c.c.controller.api.training.UserTryController - 开始查询尝试记录统计，时间范围：2020-12-31T00:00 至 2025-06-22T23:59:59
2025-06-23 02:22:19.438 [http-nio-8080-exec-5] INFO  c.c.controller.api.user.UserListController - 成功返回用户列表，共4个用户
2025-06-23 02:22:19.500 [http-nio-8080-exec-6] INFO  c.c.controller.api.training.UserTryController - 成功查询尝试记录统计，返回 2 条记录
2025-06-23 02:22:19.495 [http-nio-8080-exec-10] INFO  c.c.controller.api.auth.UserTagController - 请求获取所有用户标签
2025-06-23 02:22:19.531 [http-nio-8080-exec-8] INFO  c.c.controller.api.training.UserTryController - 成功查询AC记录统计，返回 2 条记录
2025-06-23 02:22:19.530 [http-nio-8080-exec-4] INFO  c.c.controller.api.training.UserTryController - 成功查询尝试记录统计，返回 2 条记录
2025-06-23 02:22:19.536 [http-nio-8080-exec-10] INFO  c.c.controller.api.auth.UserTagController - 成功返回用户标签列表，共4个标签
2025-06-23 02:22:19.539 [http-nio-8080-exec-7] INFO  c.c.controller.api.training.UserTryController - 成功查询AC记录统计，返回 2 条记录
2025-06-23 02:22:19.589 [http-nio-8080-exec-4] INFO  c.c.controller.api.admin.AdminUserController - 请求获取OJ平台列表
2025-06-23 02:22:19.592 [http-nio-8080-exec-4] INFO  c.c.controller.api.admin.AdminUserController - 成功返回OJ平台列表，共18个平台
2025-06-23 02:22:19.602 [http-nio-8080-exec-1] INFO  c.c.controller.api.training.UserTryController - 查询最近一次数据更新时间
2025-06-23 02:22:19.604 [http-nio-8080-exec-1] INFO  c.c.controller.api.training.UserTryController - 成功查询最近一次更新时间：-999999999-01-01T00:00
2025-06-23 02:22:19.678 [http-nio-8080-exec-3] INFO  c.c.controller.api.training.UserTryController - 开始查询AC记录统计，时间范围：2020-12-31T00:00 至 2025-06-22T23:59:59
2025-06-23 02:22:19.677 [http-nio-8080-exec-2] INFO  c.c.controller.api.training.UserTryController - 开始查询尝试记录统计，时间范围：2020-12-31T00:00 至 2025-06-22T23:59:59
2025-06-23 02:22:19.737 [http-nio-8080-exec-2] INFO  c.c.controller.api.training.UserTryController - 成功查询尝试记录统计，返回 2 条记录
2025-06-23 02:22:19.743 [http-nio-8080-exec-3] INFO  c.c.controller.api.training.UserTryController - 成功查询AC记录统计，返回 2 条记录
2025-06-23 02:22:20.808 [http-nio-8080-exec-6] INFO  c.c.controller.api.training.UserTryController - 用户 admin 请求手动重建系统数据
2025-06-23 02:22:22.035 [http-nio-8080-exec-6] INFO  c.c.controller.api.training.UserTryController - 管理员 admin 成功触发手动重建任务（异步）
2025-06-23 02:22:22.120 [http-nio-8080-exec-7] INFO  c.c.controller.api.training.UserTryController - 查询最近一次数据更新时间
2025-06-23 02:22:22.121 [http-nio-8080-exec-7] INFO  c.c.controller.api.training.UserTryController - 成功查询最近一次更新时间：-999999999-01-01T00:00
2025-06-23 02:22:22.129 [http-nio-8080-exec-8] INFO  c.c.controller.api.training.UserTryController - 开始查询尝试记录统计，时间范围：2020-12-31T00:00 至 2025-06-22T23:59:59
2025-06-23 02:22:22.127 [http-nio-8080-exec-9] INFO  c.c.controller.api.training.UserTryController - 开始查询AC记录统计，时间范围：2020-12-31T00:00 至 2025-06-22T23:59:59
2025-06-23 02:22:22.192 [http-nio-8080-exec-8] INFO  c.c.controller.api.training.UserTryController - 成功查询尝试记录统计，返回 2 条记录
2025-06-23 02:22:22.197 [http-nio-8080-exec-9] INFO  c.c.controller.api.training.UserTryController - 成功查询AC记录统计，返回 2 条记录
2025-06-23 02:22:24.665 [http-nio-8080-exec-5] INFO  c.c.controller.api.training.UserTryController - 用户 admin 请求手动重建系统数据
2025-06-23 02:22:24.670 [http-nio-8080-exec-5] WARN  c.c.controller.api.training.UserTryController - 当前已有更新进行中，用户 admin 的重建请求被拒绝
2025-06-23 02:22:25.390 [http-nio-8080-exec-4] INFO  c.c.controller.api.training.UserTryController - 用户 admin 请求手动重建系统数据
2025-06-23 02:22:25.395 [http-nio-8080-exec-4] WARN  c.c.controller.api.training.UserTryController - 当前已有更新进行中，用户 admin 的重建请求被拒绝
2025-06-23 02:22:26.192 [http-nio-8080-exec-1] INFO  c.c.controller.api.training.UserTryController - 用户 admin 请求手动重建系统数据
2025-06-23 02:22:26.198 [http-nio-8080-exec-1] WARN  c.c.controller.api.training.UserTryController - 当前已有更新进行中，用户 admin 的重建请求被拒绝
2025-06-23 02:22:27.037 [http-nio-8080-exec-2] INFO  c.c.controller.api.training.UserTryController - 用户 admin 请求手动重建系统数据
2025-06-23 02:22:27.044 [http-nio-8080-exec-2] WARN  c.c.controller.api.training.UserTryController - 当前已有更新进行中，用户 admin 的重建请求被拒绝
2025-06-23 02:22:27.621 [http-nio-8080-exec-3] INFO  c.c.controller.api.training.UserTryController - 用户 admin 请求手动重建系统数据
2025-06-23 02:22:27.626 [http-nio-8080-exec-3] WARN  c.c.controller.api.training.UserTryController - 当前已有更新进行中，用户 admin 的重建请求被拒绝
2025-06-23 02:22:28.181 [http-nio-8080-exec-6] INFO  c.c.controller.api.training.UserTryController - 用户 admin 请求手动重建系统数据
2025-06-23 02:22:28.187 [http-nio-8080-exec-6] WARN  c.c.controller.api.training.UserTryController - 当前已有更新进行中，用户 admin 的重建请求被拒绝
2025-06-23 02:29:10.394 [http-nio-8080-exec-4] INFO  c.codingtracker.controller.api.auth.AuthController - 用户登录尝试: 用户名=admin
2025-06-23 02:29:10.578 [http-nio-8080-exec-4] INFO  c.codingtracker.controller.api.auth.AuthController - 用户登录成功: 用户名=admin
2025-06-23 02:29:10.713 [http-nio-8080-exec-7] INFO  c.codingtracker.controller.api.auth.AuthController - 请求获取用户个人信息: 用户名=admin
2025-06-23 02:29:10.725 [http-nio-8080-exec-7] INFO  c.codingtracker.controller.api.auth.AuthController - 成功返回用户个人信息: 用户名=admin
2025-06-23 02:29:10.901 [http-nio-8080-exec-1] INFO  c.c.controller.api.training.UserTryController - 开始查询尝试记录统计，时间范围：2020-12-31T00:00 至 2025-06-22T23:59:59
2025-06-23 02:29:10.912 [http-nio-8080-exec-8] INFO  c.c.controller.api.training.UserTryController - 开始查询AC记录统计，时间范围：2020-12-31T00:00 至 2025-06-22T23:59:59
2025-06-23 02:29:10.915 [http-nio-8080-exec-6] INFO  c.c.controller.api.user.UserListController - 请求获取所有用户列表
2025-06-23 02:29:10.917 [http-nio-8080-exec-7] INFO  c.c.controller.api.training.UserTryController - 开始查询AC记录统计，时间范围：2020-12-31T00:00 至 2025-06-22T23:59:59
2025-06-23 02:29:10.929 [http-nio-8080-exec-5] INFO  c.c.controller.api.training.UserTryController - 开始查询尝试记录统计，时间范围：2020-12-31T00:00 至 2025-06-22T23:59:59
2025-06-23 02:29:10.958 [http-nio-8080-exec-2] INFO  c.c.controller.api.training.UserTryController - 查询最近一次数据更新时间
2025-06-23 02:29:10.961 [http-nio-8080-exec-2] INFO  c.c.controller.api.training.UserTryController - 成功查询最近一次更新时间：-999999999-01-01T00:00
2025-06-23 02:29:10.971 [http-nio-8080-exec-6] INFO  c.c.controller.api.user.UserListController - 成功返回用户列表，共4个用户
2025-06-23 02:29:11.148 [http-nio-8080-exec-8] INFO  c.c.controller.api.training.UserTryController - 成功查询AC记录统计，返回 2 条记录
2025-06-23 02:29:11.159 [http-nio-8080-exec-7] INFO  c.c.controller.api.training.UserTryController - 成功查询AC记录统计，返回 2 条记录
2025-06-23 02:29:11.165 [http-nio-8080-exec-5] INFO  c.c.controller.api.training.UserTryController - 成功查询尝试记录统计，返回 2 条记录
2025-06-23 02:29:11.170 [http-nio-8080-exec-1] INFO  c.c.controller.api.training.UserTryController - 成功查询尝试记录统计，返回 2 条记录
2025-06-23 02:29:11.175 [http-nio-8080-exec-9] INFO  c.c.controller.api.admin.AdminUserController - 请求获取OJ平台列表
2025-06-23 02:29:11.178 [http-nio-8080-exec-9] INFO  c.c.controller.api.admin.AdminUserController - 成功返回OJ平台列表，共18个平台
2025-06-23 02:29:11.192 [http-nio-8080-exec-3] INFO  c.c.controller.api.auth.UserTagController - 请求获取所有用户标签
2025-06-23 02:29:11.199 [http-nio-8080-exec-3] INFO  c.c.controller.api.auth.UserTagController - 成功返回用户标签列表，共4个标签
2025-06-23 02:29:11.299 [http-nio-8080-exec-4] INFO  c.c.controller.api.training.UserTryController - 开始查询尝试记录统计，时间范围：2020-12-31T00:00 至 2025-06-22T23:59:59
2025-06-23 02:29:11.318 [http-nio-8080-exec-10] INFO  c.c.controller.api.training.UserTryController - 开始查询AC记录统计，时间范围：2020-12-31T00:00 至 2025-06-22T23:59:59
2025-06-23 02:29:11.360 [http-nio-8080-exec-4] INFO  c.c.controller.api.training.UserTryController - 成功查询尝试记录统计，返回 2 条记录
2025-06-23 02:29:11.383 [http-nio-8080-exec-10] INFO  c.c.controller.api.training.UserTryController - 成功查询AC记录统计，返回 2 条记录
2025-06-23 02:29:12.651 [http-nio-8080-exec-2] INFO  c.c.controller.api.training.UserTryController - 用户 admin 请求手动重建系统数据
2025-06-23 02:29:13.806 [http-nio-8080-exec-2] INFO  c.c.controller.api.training.UserTryController - 管理员 admin 成功触发手动重建任务（异步）
2025-06-23 02:29:13.878 [http-nio-8080-exec-5] INFO  c.c.controller.api.training.UserTryController - 开始查询尝试记录统计，时间范围：2020-12-31T00:00 至 2025-06-22T23:59:59
2025-06-23 02:29:13.882 [http-nio-8080-exec-8] INFO  c.c.controller.api.training.UserTryController - 查询最近一次数据更新时间
2025-06-23 02:29:13.883 [http-nio-8080-exec-8] INFO  c.c.controller.api.training.UserTryController - 成功查询最近一次更新时间：-999999999-01-01T00:00
2025-06-23 02:29:13.887 [http-nio-8080-exec-6] INFO  c.c.controller.api.training.UserTryController - 开始查询AC记录统计，时间范围：2020-12-31T00:00 至 2025-06-22T23:59:59
2025-06-23 02:29:13.942 [http-nio-8080-exec-6] INFO  c.c.controller.api.training.UserTryController - 成功查询AC记录统计，返回 2 条记录
2025-06-23 02:29:13.951 [http-nio-8080-exec-5] INFO  c.c.controller.api.training.UserTryController - 成功查询尝试记录统计，返回 2 条记录
2025-06-23 02:33:01.725 [http-nio-8080-exec-8] INFO  c.codingtracker.controller.api.auth.AuthController - 请求获取用户个人信息: 用户名=admin
2025-06-23 02:33:01.730 [http-nio-8080-exec-8] INFO  c.codingtracker.controller.api.auth.AuthController - 成功返回用户个人信息: 用户名=admin
2025-06-23 02:33:02.152 [http-nio-8080-exec-2] INFO  c.c.controller.api.training.UserTryController - 开始查询尝试记录统计，时间范围：2020-12-31T00:00 至 2025-06-22T23:59:59
2025-06-23 02:33:02.194 [http-nio-8080-exec-8] INFO  c.c.controller.api.training.UserTryController - 开始查询AC记录统计，时间范围：2020-12-31T00:00 至 2025-06-22T23:59:59
2025-06-23 02:33:02.192 [http-nio-8080-exec-9] INFO  c.c.controller.api.user.UserListController - 请求获取所有用户列表
2025-06-23 02:33:02.218 [http-nio-8080-exec-9] INFO  c.c.controller.api.user.UserListController - 成功返回用户列表，共4个用户
2025-06-23 02:33:02.237 [http-nio-8080-exec-7] INFO  c.c.controller.api.training.UserTryController - 开始查询尝试记录统计，时间范围：2020-12-31T00:00 至 2025-06-22T23:59:59
2025-06-23 02:33:02.240 [http-nio-8080-exec-1] INFO  c.c.controller.api.admin.AdminUserController - 请求获取OJ平台列表
2025-06-23 02:33:02.237 [http-nio-8080-exec-5] INFO  c.c.controller.api.training.UserTryController - 开始查询AC记录统计，时间范围：2020-12-31T00:00 至 2025-06-22T23:59:59
2025-06-23 02:33:02.240 [http-nio-8080-exec-1] INFO  c.c.controller.api.admin.AdminUserController - 成功返回OJ平台列表，共18个平台
2025-06-23 02:33:02.261 [http-nio-8080-exec-2] INFO  c.c.controller.api.training.UserTryController - 成功查询尝试记录统计，返回 2 条记录
2025-06-23 02:33:02.288 [http-nio-8080-exec-8] INFO  c.c.controller.api.training.UserTryController - 成功查询AC记录统计，返回 2 条记录
2025-06-23 02:33:02.310 [http-nio-8080-exec-5] INFO  c.c.controller.api.training.UserTryController - 成功查询AC记录统计，返回 2 条记录
2025-06-23 02:33:02.325 [http-nio-8080-exec-4] INFO  c.c.controller.api.auth.UserTagController - 请求获取所有用户标签
2025-06-23 02:33:02.329 [http-nio-8080-exec-7] INFO  c.c.controller.api.training.UserTryController - 成功查询尝试记录统计，返回 2 条记录
2025-06-23 02:33:02.333 [http-nio-8080-exec-4] INFO  c.c.controller.api.auth.UserTagController - 成功返回用户标签列表，共4个标签
2025-06-23 02:33:02.350 [http-nio-8080-exec-3] INFO  c.c.controller.api.training.UserTryController - 查询最近一次数据更新时间
2025-06-23 02:33:02.350 [http-nio-8080-exec-3] INFO  c.c.controller.api.training.UserTryController - 成功查询最近一次更新时间：2025-06-23T02:31:47.161462667
2025-06-23 02:33:02.562 [http-nio-8080-exec-6] INFO  c.c.controller.api.training.UserTryController - 开始查询AC记录统计，时间范围：2020-12-31T00:00 至 2025-06-22T23:59:59
2025-06-23 02:33:02.563 [http-nio-8080-exec-1] INFO  c.c.controller.api.training.UserTryController - 开始查询尝试记录统计，时间范围：2020-12-31T00:00 至 2025-06-22T23:59:59
2025-06-23 02:33:02.595 [http-nio-8080-exec-6] INFO  c.c.controller.api.training.UserTryController - 成功查询AC记录统计，返回 2 条记录
2025-06-23 02:33:02.618 [http-nio-8080-exec-1] INFO  c.c.controller.api.training.UserTryController - 成功查询尝试记录统计，返回 2 条记录
